<?xml version="1.0" encoding="UTF-8"?>
<testng-results skipped="0" failed="0" total="1" passed="1">
  <reporter-output>
  </reporter-output>
  <suite name="Automation test" duration-ms="11940" started-at="2015-08-31T07:04:16Z" finished-at="2015-08-31T07:04:27Z">
    <groups>
    </groups>
    <test name="DataDriven" duration-ms="11940" started-at="2015-08-31T07:04:16Z" finished-at="2015-08-31T07:04:27Z">
      <class name="testNG.DemoTestNG">
        <test-method status="PASS" signature="testMethod()[pri:0, instance:testNG.DemoTestNG@5c2453bb]" name="testMethod" is-config="true" duration-ms="14" started-at="2015-08-31T00:04:16Z" finished-at="2015-08-31T00:04:16Z">
          <reporter-output>
          </reporter-output>
        </test-method> <!-- testMethod -->
        <test-method status="PASS" signature="gmailLogin(java.lang.String, java.lang.String)[pri:0, instance:testNG.DemoTestNG@5c2453bb]" name="gmailLogin" duration-ms="11901" started-at="2015-08-31T00:04:16Z" finished-at="2015-08-31T00:04:27Z">
          <params>
            <param index="0">
              <value>
                <![CDATA[selenium.webdriver52]]>
              </value>
            </param>
            <param index="1">
              <value>
                <![CDATA[selenium]]>
              </value>
            </param>
          </params>
          <reporter-output>
          </reporter-output>
        </test-method> <!-- gmailLogin -->
      </class> <!-- testNG.DemoTestNG -->
    </test> <!-- DataDriven -->
  </suite> <!-- Automation test -->
</testng-results>
